Using pre-set license
Built from '2020.3/release' branch; Version is '2020.3.27f1 (e759542391ea) revision 15161684'; Using compiler version '192528614'; Build Type 'Release'
OS: 'Windows 11  (10.0.22000) 64bit Professional' Language: 'en' Physical Memory: 32369 MB
BatchMode: 1, IsHumanControllingUs: 0, StartBugReporterOnCrash: 0, Is64bit: 1, IsPro: 0

COMMAND LINE ARGUMENTS:
C:\Program Files\Unity\Hub\Editor\2020.3.27f1\Editor\Unity.exe
-adb2
-batchMode
-noUpm
-name
AssetImportWorker0
-projectPath
C:/Users/maya_qdrcijs/OneDrive/Documents/GitHub/IP2/Screencheat Survival Game
-logFile
Logs/AssetImportWorker0.log
-srvPort
56514
Successfully changed project path to: C:/Users/maya_qdrcijs/OneDrive/Documents/GitHub/IP2/Screencheat Survival Game
C:/Users/maya_qdrcijs/OneDrive/Documents/GitHub/IP2/Screencheat Survival Game
Using Asset Import Pipeline V2.
Refreshing native plugins compatible for Editor in 70.07 ms, found 2 plugins.
Preloading 0 native plugins for Editor in 0.00 ms.
Initialize engine version: 2020.3.27f1 (e759542391ea)
[Subsystems] Discovering subsystems at path C:/Program Files/Unity/Hub/Editor/2020.3.27f1/Editor/Data/Resources/UnitySubsystems
[Subsystems] Discovering subsystems at path C:/Users/maya_qdrcijs/OneDrive/Documents/GitHub/IP2/Screencheat Survival Game/Assets
GfxDevice: creating device client; threaded=0
Direct3D:
    Version:  Direct3D 11.0 [level 11.1]
    Renderer: NVIDIA GeForce RTX 3070 (ID=0x2488)
    Vendor:   
    VRAM:     8043 MB
    Driver:   30.0.14.9649
Initialize mono
Mono path[0] = 'C:/Program Files/Unity/Hub/Editor/2020.3.27f1/Editor/Data/Managed'
Mono path[1] = 'C:/Program Files/Unity/Hub/Editor/2020.3.27f1/Editor/Data/MonoBleedingEdge/lib/mono/unityjit'
Mono config path = 'C:/Program Files/Unity/Hub/Editor/2020.3.27f1/Editor/Data/MonoBleedingEdge/etc'
Using monoOptions --debugger-agent=transport=dt_socket,embedding=1,server=y,suspend=n,address=127.0.0.1:56264
Begin MonoManager ReloadAssembly
Registering precompiled unity dll's ...
Register platform support module: C:/Program Files/Unity/Hub/Editor/2020.3.27f1/Editor/Data/PlaybackEngines/WebGLSupport/UnityEditor.WebGL.Extensions.dll
Register platform support module: C:/Program Files/Unity/Hub/Editor/2020.3.27f1/Editor/Data/PlaybackEngines/WindowsStandaloneSupport/UnityEditor.WindowsStandalone.Extensions.dll
Registered in 0.001560 seconds.
Native extension for WindowsStandalone target not found
Native extension for WebGL target not found
Refreshing native plugins compatible for Editor in 49.60 ms, found 2 plugins.
Preloading 0 native plugins for Editor in 0.00 ms.
Mono: successfully reloaded assembly
- Completed reload, in  0.411 seconds
Domain Reload Profiling:
	ReloadAssembly (412ms)
		BeginReloadAssembly (43ms)
			ExecutionOrderSort (0ms)
			DisableScriptedObjects (0ms)
			BackupInstance (0ms)
			ReleaseScriptingObjects (0ms)
			CreateAndSetChildDomain (1ms)
		EndReloadAssembly (319ms)
			LoadAssemblies (42ms)
			RebuildTransferFunctionScriptingTraits (0ms)
			SetupTypeCache (91ms)
			ReleaseScriptCaches (0ms)
			RebuildScriptCaches (20ms)
			SetupLoadedEditorAssemblies (141ms)
				LogAssemblyErrors (0ms)
				InitializePlatformSupportModulesInManaged (4ms)
				SetLoadedEditorAssemblies (0ms)
				RefreshPlugins (50ms)
				BeforeProcessingInitializeOnLoad (12ms)
				ProcessInitializeOnLoadAttributes (58ms)
				ProcessInitializeOnLoadMethodAttributes (18ms)
				AfterProcessingInitializeOnLoad (0ms)
				EditorAssembliesLoaded (0ms)
			ExecutionOrderSort2 (0ms)
			AwakeInstancesAfterBackupRestoration (0ms)
Platform modules already initialized, skipping
Registering precompiled user dll's ...
Registered in 0.004879 seconds.
Begin MonoManager ReloadAssembly
Native extension for WindowsStandalone target not found
Native extension for WebGL target not found
Refreshing native plugins compatible for Editor in 48.26 ms, found 2 plugins.
Preloading 0 native plugins for Editor in 0.00 ms.
Mono: successfully reloaded assembly
- Completed reload, in  0.903 seconds
Domain Reload Profiling:
	ReloadAssembly (904ms)
		BeginReloadAssembly (108ms)
			ExecutionOrderSort (0ms)
			DisableScriptedObjects (3ms)
			BackupInstance (0ms)
			ReleaseScriptingObjects (0ms)
			CreateAndSetChildDomain (15ms)
		EndReloadAssembly (755ms)
			LoadAssemblies (78ms)
			RebuildTransferFunctionScriptingTraits (0ms)
			SetupTypeCache (216ms)
			ReleaseScriptCaches (0ms)
			RebuildScriptCaches (49ms)
			SetupLoadedEditorAssemblies (339ms)
				LogAssemblyErrors (0ms)
				InitializePlatformSupportModulesInManaged (4ms)
				SetLoadedEditorAssemblies (0ms)
				RefreshPlugins (48ms)
				BeforeProcessingInitializeOnLoad (73ms)
				ProcessInitializeOnLoadAttributes (183ms)
				ProcessInitializeOnLoadMethodAttributes (27ms)
				AfterProcessingInitializeOnLoad (4ms)
				EditorAssembliesLoaded (0ms)
			ExecutionOrderSort2 (0ms)
			AwakeInstancesAfterBackupRestoration (4ms)
Platform modules already initialized, skipping
========================================================================
Worker process is ready to serve import requests
Launched and connected shader compiler UnityShaderCompiler.exe after 0.03 seconds
Refreshing native plugins compatible for Editor in 0.69 ms, found 2 plugins.
Preloading 0 native plugins for Editor in 0.00 ms.
Unloading 3704 Unused Serialized files (Serialized files now loaded: 0)
System memory in use before: 135.8 MB.
System memory in use after: 136.0 MB.

Unloading 55 unused Assets to reduce memory usage. Loaded Objects now: 4108.
Total: 4.530100 ms (FindLiveObjects: 0.200100 ms CreateObjectMapping: 0.094600 ms MarkObjects: 4.160100 ms  DeleteObjects: 0.074300 ms)

AssetImportParameters requested are different than current active one (requested -> active):
  custom:framework-win-MediaFoundation: 216162199b28c13a410421893ffa2e32 -> 
  custom:video-decoder-ogg-theora: a1e56fd34408186e4bbccfd4996cb3dc -> 
  custom:container-muxer-webm: aa71ff27fc2769a1b78a27578f13a17b -> 
  custom:container-demuxer-webm: 4f35f7cbe854078d1ac9338744f61a02 -> 
  custom:container-demuxer-ogg: 62fdf1f143b41e24485cea50d1cbac27 -> 
  custom:video-encoder-webm-vp8: eb34c28f22e8b96e1ab97ce403110664 -> 
  custom:video-codec-MediaFoundation-h265: 746d11721c4dcdbdad8f713fa42b33f4 -> 
  custom:video-decoder-webm-vp8: 9c59270c3fd7afecdb556c50c9e8de78 -> 
  custom:audio-decoder-ogg-vorbis: bf7c407c2cedff20999df2af8eb42d56 -> 
  custom:audio-encoder-webm-vorbis: bf7c407c2cedff20999df2af8eb42d56 -> 
========================================================================
Received Import Request.
  path: Assets/Materials/Hunter.mat
  artifactKey: Guid(427f4f9d80ec44941bee9803de021124) Importer(815301076,1909f56bfc062723c751e8b465ee728b)
Start importing Assets/Materials/Hunter.mat using Guid(427f4f9d80ec44941bee9803de021124) Importer(815301076,1909f56bfc062723c751e8b465ee728b)  -> (artifact id: 'abdb32f49e35af3104e2399fb361d07e') in 0.085012 seconds 
  Import took 0.090262 seconds .

========================================================================
Received Import Request.
  Time since last request: 0.000280 seconds.
  path: Assets/Materials/Survivor 1.mat
  artifactKey: Guid(2186a67b3a0c057499e363304db17e32) Importer(815301076,1909f56bfc062723c751e8b465ee728b)
Start importing Assets/Materials/Survivor 1.mat using Guid(2186a67b3a0c057499e363304db17e32) Importer(815301076,1909f56bfc062723c751e8b465ee728b)  -> (artifact id: '6c5aea59e51ef941f2f4ce00a06c7361') in 0.009495 seconds 
  Import took 0.014108 seconds .

========================================================================
Received Import Request.
  Time since last request: 0.000293 seconds.
  path: Assets/Materials/Dark green.mat
  artifactKey: Guid(9c2f8092c648ed8408ee08d214aa2cfa) Importer(815301076,1909f56bfc062723c751e8b465ee728b)
Start importing Assets/Materials/Dark green.mat using Guid(9c2f8092c648ed8408ee08d214aa2cfa) Importer(815301076,1909f56bfc062723c751e8b465ee728b)  -> (artifact id: '596c9604d017abb81e3466fd95b6c9f1') in 0.008944 seconds 
  Import took 0.013859 seconds .

========================================================================
Received Import Request.
  Time since last request: 0.000274 seconds.
  path: Assets/Materials/Survivor 3.mat
  artifactKey: Guid(d2a6c5980c1cf5a45a92a89d1e303b4d) Importer(815301076,1909f56bfc062723c751e8b465ee728b)
Start importing Assets/Materials/Survivor 3.mat using Guid(d2a6c5980c1cf5a45a92a89d1e303b4d) Importer(815301076,1909f56bfc062723c751e8b465ee728b)  -> (artifact id: '89e36eee1e8ec0947202e4ca1dce5a6b') in 0.008911 seconds 
  Import took 0.013254 seconds .

========================================================================
Received Import Request.
  Time since last request: 0.000270 seconds.
  path: Assets/Materials/Survivor 2.mat
  artifactKey: Guid(3694314ac0852864c9e4838cf3b6b7a5) Importer(815301076,1909f56bfc062723c751e8b465ee728b)
Start importing Assets/Materials/Survivor 2.mat using Guid(3694314ac0852864c9e4838cf3b6b7a5) Importer(815301076,1909f56bfc062723c751e8b465ee728b)  -> (artifact id: '9e68b35771e13ae2ce8fa132be3c0722') in 0.008114 seconds 
  Import took 0.012604 seconds .

========================================================================
Received Import Request.
  Time since last request: 6.384826 seconds.
  path: Assets/Materials/UI/Empty Health Bar.png
  artifactKey: Guid(2680fd715d78d2743bd642db6ba2a52e) Importer(815301076,1909f56bfc062723c751e8b465ee728b)
Start importing Assets/Materials/UI/Empty Health Bar.png using Guid(2680fd715d78d2743bd642db6ba2a52e) Importer(815301076,1909f56bfc062723c751e8b465ee728b)  -> (artifact id: 'bd1fa350257cca5ae347cf97ecc2f5ed') in 0.046384 seconds 
  Import took 0.051152 seconds .

========================================================================
Received Import Request.
  Time since last request: 6.549370 seconds.
  path: Assets/Prefabs/Player.prefab
  artifactKey: Guid(b66b4bd6a281eea4dba478ee89d45cc5) Importer(815301076,1909f56bfc062723c751e8b465ee728b)
Start importing Assets/Prefabs/Player.prefab using Guid(b66b4bd6a281eea4dba478ee89d45cc5) Importer(815301076,1909f56bfc062723c751e8b465ee728b)  -> (artifact id: '5e3ba49418b9463ea32ab1b8b662d6c4') in 0.025335 seconds 
  Import took 0.030455 seconds .

========================================================================
Received Import Request.
  Time since last request: 2.102329 seconds.
  path: Assets/Scripts/Player Scripts/PlayerControls.inputactions
  artifactKey: Guid(a732cf9fc31e9f843902db79c5299614) Importer(815301076,1909f56bfc062723c751e8b465ee728b)
Start importing Assets/Scripts/Player Scripts/PlayerControls.inputactions using Guid(a732cf9fc31e9f843902db79c5299614) Importer(815301076,1909f56bfc062723c751e8b465ee728b)  -> (artifact id: '0d7d8badae6a6725993cde203a3a660d') in 0.007860 seconds 
  Import took 0.013235 seconds .

AssetImportWorkerClient::OnTransportError - code=2 error=End of file
