
=== Thu Feb  3 20:52:20 2022

Packages were changed.
Update Mode: mergeDefaultDependencies

The following packages were added:
  com.unity.ide.rider@2.0.7
  com.unity.ide.visualstudio@2.0.12
  com.unity.ide.vscode@1.2.4
  com.unity.modules.androidjni@1.0.0
  com.unity.test-framework@1.1.29
  com.unity.timeline@1.4.8
  com.unity.ugui@1.0.0
The following packages were updated:
  com.unity.ads from version 2.0.8 to 3.7.5
  com.unity.analytics from version 3.2.2 to 3.6.12
  com.unity.collab-proxy from version 1.2.15 to 1.15.7
  com.unity.purchasing from version 2.0.3 to 4.1.2
  com.unity.textmeshpro from version 1.3.0 to 3.0.6

=== Fri Mar  4 12:59:14 2022

Packages were changed.
Update Mode: updateDependencies

The following packages were updated:
  com.unity.ide.rider from version 2.0.7 to 3.0.7
  com.unity.timeline from version 1.4.8 to 1.5.6
  com.unity.visualeffectgraph from version 10.8.1 to 11.0.0
The following packages were removed:
  com.unity.package-manager-ui@2.2.0
